{"timestamp": null, "level": null, "name": "src.policy.policy_engine", "message": "Loaded 6 policies"}
{"timestamp": null, "level": null, "name": "src.policy.policy_engine", "message": "Loaded 6 policies"}
{"timestamp": null, "level": null, "name": "watchfiles.main", "message": "1 change detected"}
{"timestamp": null, "level": null, "name": "watchfiles.main", "message": "4 changes detected"}
{"timestamp": null, "level": null, "name": "watchfiles.main", "message": "1 change detected"}
{"timestamp": null, "level": null, "name": "watchfiles.main", "message": "1 change detected"}
{"timestamp": null, "level": null, "name": "watchfiles.main", "message": "1 change detected"}
{"timestamp": null, "level": null, "name": "watchfiles.main", "message": "1 change detected"}
{"timestamp": null, "level": null, "name": "watchfiles.main", "message": "1 change detected"}
{"timestamp": null, "level": null, "name": "watchfiles.main", "message": "1 change detected"}
{"timestamp": null, "level": null, "name": "watchfiles.main", "message": "1 change detected"}
{"timestamp": null, "level": null, "name": "watchfiles.main", "message": "1 change detected"}
{"timestamp": null, "level": null, "name": "watchfiles.main", "message": "1 change detected"}
{"timestamp": null, "level": null, "name": "watchfiles.main", "message": "1 change detected"}
{"timestamp": null, "level": null, "name": "watchfiles.main", "message": "1 change detected"}
{"timestamp": null, "level": null, "name": "watchfiles.main", "message": "1 change detected"}
{"timestamp": null, "level": null, "name": "watchfiles.main", "message": "1 change detected"}
{"timestamp": null, "level": null, "name": "watchfiles.main", "message": "1 change detected"}
{"timestamp": null, "level": null, "name": "watchfiles.main", "message": "1 change detected"}
{"timestamp": null, "level": null, "name": "watchfiles.main", "message": "1 change detected"}
{"timestamp": null, "level": null, "name": "watchfiles.main", "message": "1 change detected"}
{"timestamp": null, "level": null, "name": "watchfiles.main", "message": "1 change detected"}
{"timestamp": null, "level": null, "name": "watchfiles.main", "message": "1 change detected"}
{"timestamp": null, "level": null, "name": "watchfiles.main", "message": "1 change detected"}
{"timestamp": null, "level": null, "name": "watchfiles.main", "message": "1 change detected"}
{"timestamp": null, "level": null, "name": "watchfiles.main", "message": "1 change detected"}
{"timestamp": null, "level": null, "name": "watchfiles.main", "message": "1 change detected"}
{"timestamp": null, "level": null, "name": "watchfiles.main", "message": "1 change detected"}
{"timestamp": null, "level": null, "name": "watchfiles.main", "message": "1 change detected"}
{"timestamp": null, "level": null, "name": "watchfiles.main", "message": "1 change detected"}
{"timestamp": null, "level": null, "name": "watchfiles.main", "message": "1 change detected"}
{"timestamp": null, "level": null, "name": "watchfiles.main", "message": "1 change detected"}
{"timestamp": null, "level": null, "name": "watchfiles.main", "message": "1 change detected"}
{"timestamp": null, "level": null, "name": "watchfiles.main", "message": "1 change detected"}
{"timestamp": null, "level": null, "name": "watchfiles.main", "message": "1 change detected"}
{"timestamp": null, "level": null, "name": "watchfiles.main", "message": "1 change detected"}
{"timestamp": null, "level": null, "name": "watchfiles.main", "message": "1 change detected"}
{"timestamp": null, "level": null, "name": "watchfiles.main", "message": "1 change detected"}
{"timestamp": null, "level": null, "name": "watchfiles.main", "message": "1 change detected"}
{"timestamp": null, "level": null, "name": "src.policy.policy_engine", "message": "Loaded 6 policies"}
{"timestamp": null, "level": null, "name": "src.policy.policy_engine", "message": "Loaded 6 policies"}
{"timestamp": null, "level": null, "name": "watchfiles.main", "message": "1 change detected"}
{"timestamp": null, "level": null, "name": "watchfiles.main", "message": "1 change detected"}
{"timestamp": null, "level": null, "name": "watchfiles.main", "message": "1 change detected"}
{"timestamp": null, "level": null, "name": "watchfiles.main", "message": "1 change detected"}
{"timestamp": null, "level": null, "name": "watchfiles.main", "message": "1 change detected"}
{"timestamp": null, "level": null, "name": "watchfiles.main", "message": "1 change detected"}
{"timestamp": null, "level": null, "name": "watchfiles.main", "message": "1 change detected"}
{"timestamp": null, "level": null, "name": "watchfiles.main", "message": "1 change detected"}
{"timestamp": null, "level": null, "name": "watchfiles.main", "message": "1 change detected"}
{"timestamp": null, "level": null, "name": "watchfiles.main", "message": "1 change detected"}
{"timestamp": null, "level": null, "name": "watchfiles.main", "message": "1 change detected"}
{"timestamp": null, "level": null, "name": "watchfiles.main", "message": "1 change detected"}
{"timestamp": null, "level": null, "name": "watchfiles.main", "message": "1 change detected"}
{"timestamp": null, "level": null, "name": "watchfiles.main", "message": "1 change detected"}
{"timestamp": null, "level": null, "name": "watchfiles.main", "message": "1 change detected"}
{"timestamp": null, "level": null, "name": "watchfiles.main", "message": "1 change detected"}
{"timestamp": null, "level": null, "name": "watchfiles.main", "message": "1 change detected"}
{"timestamp": null, "level": null, "name": "watchfiles.main", "message": "1 change detected"}
{"timestamp": null, "level": null, "name": "watchfiles.main", "message": "1 change detected"}
{"timestamp": null, "level": null, "name": "watchfiles.main", "message": "1 change detected"}
{"timestamp": null, "level": null, "name": "watchfiles.main", "message": "1 change detected"}
{"timestamp": null, "level": null, "name": "watchfiles.main", "message": "1 change detected"}
{"timestamp": null, "level": null, "name": "watchfiles.main", "message": "1 change detected"}
{"timestamp": null, "level": null, "name": "watchfiles.main", "message": "1 change detected"}
{"timestamp": null, "level": null, "name": "watchfiles.main", "message": "1 change detected"}
{"timestamp": null, "level": null, "name": "watchfiles.main", "message": "1 change detected"}
{"timestamp": null, "level": null, "name": "watchfiles.main", "message": "1 change detected"}
{"timestamp": null, "level": null, "name": "watchfiles.main", "message": "1 change detected"}
{"timestamp": null, "level": null, "name": "watchfiles.main", "message": "1 change detected"}
{"timestamp": null, "level": null, "name": "watchfiles.main", "message": "1 change detected"}
{"timestamp": null, "level": null, "name": "watchfiles.main", "message": "1 change detected"}
{"timestamp": null, "level": null, "name": "watchfiles.main", "message": "1 change detected"}
{"timestamp": null, "level": null, "name": "watchfiles.main", "message": "1 change detected"}
{"timestamp": null, "level": null, "name": "watchfiles.main", "message": "1 change detected"}
{"timestamp": null, "level": null, "name": "watchfiles.main", "message": "1 change detected"}
{"timestamp": null, "level": null, "name": "watchfiles.main", "message": "1 change detected"}
{"timestamp": null, "level": null, "name": "watchfiles.main", "message": "1 change detected"}
{"timestamp": null, "level": null, "name": "watchfiles.main", "message": "1 change detected"}
{"timestamp": null, "level": null, "name": "watchfiles.main", "message": "1 change detected"}
{"timestamp": null, "level": null, "name": "watchfiles.main", "message": "1 change detected"}
{"timestamp": null, "level": null, "name": "watchfiles.main", "message": "1 change detected"}
{"timestamp": null, "level": null, "name": "watchfiles.main", "message": "1 change detected"}
{"timestamp": null, "level": null, "name": "watchfiles.main", "message": "1 change detected"}
{"timestamp": null, "level": null, "name": "watchfiles.main", "message": "1 change detected"}
{"timestamp": null, "level": null, "name": "watchfiles.main", "message": "1 change detected"}
{"timestamp": null, "level": null, "name": "watchfiles.main", "message": "1 change detected"}
{"timestamp": null, "level": null, "name": "watchfiles.main", "message": "1 change detected"}
{"timestamp": null, "level": null, "name": "watchfiles.main", "message": "1 change detected"}
{"timestamp": null, "level": null, "name": "watchfiles.main", "message": "1 change detected"}
{"timestamp": null, "level": null, "name": "watchfiles.main", "message": "1 change detected"}
{"timestamp": null, "level": null, "name": "watchfiles.main", "message": "1 change detected"}
{"timestamp": null, "level": null, "name": "watchfiles.main", "message": "1 change detected"}
{"timestamp": null, "level": null, "name": "watchfiles.main", "message": "1 change detected"}
{"timestamp": null, "level": null, "name": "watchfiles.main", "message": "1 change detected"}
{"timestamp": null, "level": null, "name": "watchfiles.main", "message": "1 change detected"}
{"timestamp": null, "level": null, "name": "watchfiles.main", "message": "1 change detected"}
{"timestamp": null, "level": null, "name": "watchfiles.main", "message": "1 change detected"}
{"timestamp": null, "level": null, "name": "watchfiles.main", "message": "1 change detected"}
{"timestamp": null, "level": null, "name": "watchfiles.main", "message": "1 change detected"}
{"timestamp": null, "level": null, "name": "watchfiles.main", "message": "1 change detected"}
{"timestamp": null, "level": null, "name": "watchfiles.main", "message": "1 change detected"}
{"timestamp": null, "level": null, "name": "watchfiles.main", "message": "1 change detected"}
{"timestamp": null, "level": null, "name": "watchfiles.main", "message": "1 change detected"}
{"timestamp": null, "level": null, "name": "watchfiles.main", "message": "1 change detected"}
{"timestamp": null, "level": null, "name": "watchfiles.main", "message": "1 change detected"}
{"timestamp": null, "level": null, "name": "watchfiles.main", "message": "1 change detected"}
{"timestamp": null, "level": null, "name": "watchfiles.main", "message": "1 change detected"}
{"timestamp": null, "level": null, "name": "watchfiles.main", "message": "1 change detected"}
{"timestamp": null, "level": null, "name": "watchfiles.main", "message": "1 change detected"}
{"timestamp": null, "level": null, "name": "watchfiles.main", "message": "1 change detected"}
{"timestamp": null, "level": null, "name": "watchfiles.main", "message": "1 change detected"}
{"timestamp": null, "level": null, "name": "watchfiles.main", "message": "1 change detected"}
{"timestamp": null, "level": null, "name": "watchfiles.main", "message": "1 change detected"}
{"timestamp": null, "level": null, "name": "watchfiles.main", "message": "1 change detected"}
{"timestamp": null, "level": null, "name": "watchfiles.main", "message": "1 change detected"}
{"timestamp": null, "level": null, "name": "watchfiles.main", "message": "1 change detected"}
{"timestamp": null, "level": null, "name": "watchfiles.main", "message": "1 change detected"}
{"timestamp": null, "level": null, "name": "watchfiles.main", "message": "1 change detected"}
{"timestamp": null, "level": null, "name": "watchfiles.main", "message": "1 change detected"}
{"timestamp": null, "level": null, "name": "watchfiles.main", "message": "1 change detected"}
{"timestamp": null, "level": null, "name": "watchfiles.main", "message": "1 change detected"}
{"timestamp": null, "level": null, "name": "watchfiles.main", "message": "1 change detected"}
{"timestamp": null, "level": null, "name": "watchfiles.main", "message": "1 change detected"}
{"timestamp": null, "level": null, "name": "watchfiles.main", "message": "1 change detected"}
{"timestamp": null, "level": null, "name": "watchfiles.main", "message": "1 change detected"}
{"timestamp": null, "level": null, "name": "watchfiles.main", "message": "1 change detected"}
{"timestamp": null, "level": null, "name": "watchfiles.main", "message": "1 change detected"}
{"timestamp": null, "level": null, "name": "watchfiles.main", "message": "1 change detected"}
{"timestamp": null, "level": null, "name": "watchfiles.main", "message": "1 change detected"}
{"timestamp": null, "level": null, "name": "watchfiles.main", "message": "1 change detected"}
{"timestamp": null, "level": null, "name": "watchfiles.main", "message": "1 change detected"}
{"timestamp": null, "level": null, "name": "watchfiles.main", "message": "1 change detected"}
{"timestamp": null, "level": null, "name": "watchfiles.main", "message": "1 change detected"}
{"timestamp": null, "level": null, "name": "watchfiles.main", "message": "1 change detected"}
{"timestamp": null, "level": null, "name": "watchfiles.main", "message": "1 change detected"}
{"timestamp": null, "level": null, "name": "watchfiles.main", "message": "1 change detected"}
{"timestamp": null, "level": null, "name": "watchfiles.main", "message": "1 change detected"}
{"timestamp": null, "level": null, "name": "watchfiles.main", "message": "1 change detected"}
{"timestamp": null, "level": null, "name": "watchfiles.main", "message": "1 change detected"}
{"timestamp": null, "level": null, "name": "watchfiles.main", "message": "1 change detected"}
{"timestamp": null, "level": null, "name": "watchfiles.main", "message": "1 change detected"}
{"timestamp": null, "level": null, "name": "watchfiles.main", "message": "1 change detected"}
{"timestamp": null, "level": null, "name": "watchfiles.main", "message": "1 change detected"}
{"timestamp": null, "level": null, "name": "watchfiles.main", "message": "1 change detected"}
{"timestamp": null, "level": null, "name": "watchfiles.main", "message": "1 change detected"}
{"timestamp": null, "level": null, "name": "watchfiles.main", "message": "1 change detected"}
{"timestamp": null, "level": null, "name": "watchfiles.main", "message": "1 change detected"}
{"timestamp": null, "level": null, "name": "watchfiles.main", "message": "1 change detected"}
{"timestamp": null, "level": null, "name": "watchfiles.main", "message": "1 change detected"}
{"timestamp": null, "level": null, "name": "watchfiles.main", "message": "1 change detected"}
{"timestamp": null, "level": null, "name": "watchfiles.main", "message": "1 change detected"}
{"timestamp": null, "level": null, "name": "watchfiles.main", "message": "1 change detected"}
{"timestamp": null, "level": null, "name": "watchfiles.main", "message": "1 change detected"}
{"timestamp": null, "level": null, "name": "watchfiles.main", "message": "1 change detected"}
{"timestamp": null, "level": null, "name": "watchfiles.main", "message": "1 change detected"}
{"timestamp": null, "level": null, "name": "watchfiles.main", "message": "1 change detected"}
{"timestamp": null, "level": null, "name": "watchfiles.main", "message": "1 change detected"}
{"timestamp": null, "level": null, "name": "watchfiles.main", "message": "1 change detected"}
{"timestamp": null, "level": null, "name": "watchfiles.main", "message": "1 change detected"}
{"timestamp": null, "level": null, "name": "watchfiles.main", "message": "1 change detected"}
{"timestamp": null, "level": null, "name": "watchfiles.main", "message": "1 change detected"}
{"timestamp": null, "level": null, "name": "watchfiles.main", "message": "1 change detected"}
{"timestamp": null, "level": null, "name": "watchfiles.main", "message": "1 change detected"}
{"timestamp": null, "level": null, "name": "watchfiles.main", "message": "1 change detected"}
{"timestamp": null, "level": null, "name": "watchfiles.main", "message": "1 change detected"}
{"timestamp": null, "level": null, "name": "watchfiles.main", "message": "1 change detected"}
{"timestamp": null, "level": null, "name": "watchfiles.main", "message": "1 change detected"}
{"timestamp": null, "level": null, "name": "watchfiles.main", "message": "1 change detected"}
{"timestamp": null, "level": null, "name": "watchfiles.main", "message": "1 change detected"}
{"timestamp": null, "level": null, "name": "watchfiles.main", "message": "1 change detected"}
{"timestamp": null, "level": null, "name": "watchfiles.main", "message": "1 change detected"}
{"timestamp": null, "level": null, "name": "watchfiles.main", "message": "1 change detected"}
{"timestamp": null, "level": null, "name": "watchfiles.main", "message": "1 change detected"}
{"timestamp": null, "level": null, "name": "watchfiles.main", "message": "1 change detected"}
{"timestamp": null, "level": null, "name": "watchfiles.main", "message": "1 change detected"}
{"timestamp": null, "level": null, "name": "watchfiles.main", "message": "1 change detected"}
{"timestamp": null, "level": null, "name": "watchfiles.main", "message": "1 change detected"}
{"timestamp": null, "level": null, "name": "watchfiles.main", "message": "1 change detected"}
{"timestamp": null, "level": null, "name": "watchfiles.main", "message": "1 change detected"}
{"timestamp": null, "level": null, "name": "watchfiles.main", "message": "1 change detected"}
{"timestamp": null, "level": null, "name": "watchfiles.main", "message": "1 change detected"}
{"timestamp": null, "level": null, "name": "watchfiles.main", "message": "1 change detected"}
{"timestamp": null, "level": null, "name": "watchfiles.main", "message": "1 change detected"}
{"timestamp": null, "level": null, "name": "watchfiles.main", "message": "1 change detected"}
{"timestamp": null, "level": null, "name": "watchfiles.main", "message": "1 change detected"}
{"timestamp": null, "level": null, "name": "watchfiles.main", "message": "1 change detected"}
{"timestamp": null, "level": null, "name": "watchfiles.main", "message": "1 change detected"}
{"timestamp": null, "level": null, "name": "watchfiles.main", "message": "1 change detected"}
{"timestamp": null, "level": null, "name": "watchfiles.main", "message": "1 change detected"}
{"timestamp": null, "level": null, "name": "watchfiles.main", "message": "1 change detected"}
{"timestamp": null, "level": null, "name": "watchfiles.main", "message": "1 change detected"}
{"timestamp": null, "level": null, "name": "watchfiles.main", "message": "1 change detected"}
{"timestamp": null, "level": null, "name": "watchfiles.main", "message": "1 change detected"}
{"timestamp": null, "level": null, "name": "watchfiles.main", "message": "1 change detected"}
{"timestamp": null, "level": null, "name": "watchfiles.main", "message": "1 change detected"}
{"timestamp": null, "level": null, "name": "watchfiles.main", "message": "1 change detected"}
{"timestamp": null, "level": null, "name": "watchfiles.main", "message": "1 change detected"}
{"timestamp": null, "level": null, "name": "watchfiles.main", "message": "1 change detected"}
{"timestamp": null, "level": null, "name": "watchfiles.main", "message": "1 change detected"}
{"timestamp": null, "level": null, "name": "watchfiles.main", "message": "1 change detected"}
{"timestamp": null, "level": null, "name": "watchfiles.main", "message": "1 change detected"}
{"timestamp": null, "level": null, "name": "watchfiles.main", "message": "1 change detected"}
{"timestamp": null, "level": null, "name": "watchfiles.main", "message": "1 change detected"}
{"timestamp": null, "level": null, "name": "watchfiles.main", "message": "1 change detected"}
{"timestamp": null, "level": null, "name": "watchfiles.main", "message": "1 change detected"}
{"timestamp": null, "level": null, "name": "watchfiles.main", "message": "1 change detected"}
{"timestamp": null, "level": null, "name": "watchfiles.main", "message": "1 change detected"}
{"timestamp": null, "level": null, "name": "watchfiles.main", "message": "1 change detected"}
{"timestamp": null, "level": null, "name": "watchfiles.main", "message": "1 change detected"}
{"timestamp": null, "level": null, "name": "watchfiles.main", "message": "1 change detected"}
{"timestamp": null, "level": null, "name": "watchfiles.main", "message": "1 change detected"}
{"timestamp": null, "level": null, "name": "watchfiles.main", "message": "1 change detected"}
{"timestamp": null, "level": null, "name": "watchfiles.main", "message": "1 change detected"}
{"timestamp": null, "level": null, "name": "watchfiles.main", "message": "1 change detected"}
{"timestamp": null, "level": null, "name": "watchfiles.main", "message": "1 change detected"}
{"timestamp": null, "level": null, "name": "watchfiles.main", "message": "1 change detected"}
{"timestamp": null, "level": null, "name": "watchfiles.main", "message": "1 change detected"}
{"timestamp": null, "level": null, "name": "watchfiles.main", "message": "1 change detected"}
{"timestamp": null, "level": null, "name": "watchfiles.main", "message": "1 change detected"}
{"timestamp": null, "level": null, "name": "watchfiles.main", "message": "1 change detected"}
{"timestamp": null, "level": null, "name": "watchfiles.main", "message": "1 change detected"}
{"timestamp": null, "level": null, "name": "watchfiles.main", "message": "1 change detected"}
{"timestamp": null, "level": null, "name": "watchfiles.main", "message": "1 change detected"}
{"timestamp": null, "level": null, "name": "watchfiles.main", "message": "1 change detected"}
{"timestamp": null, "level": null, "name": "watchfiles.main", "message": "1 change detected"}
{"timestamp": null, "level": null, "name": "watchfiles.main", "message": "1 change detected"}
{"timestamp": null, "level": null, "name": "watchfiles.main", "message": "1 change detected"}
{"timestamp": null, "level": null, "name": "watchfiles.main", "message": "1 change detected"}
{"timestamp": null, "level": null, "name": "watchfiles.main", "message": "1 change detected"}
{"timestamp": null, "level": null, "name": "watchfiles.main", "message": "1 change detected"}
{"timestamp": null, "level": null, "name": "watchfiles.main", "message": "1 change detected"}
{"timestamp": null, "level": null, "name": "watchfiles.main", "message": "1 change detected"}
{"timestamp": null, "level": null, "name": "watchfiles.main", "message": "1 change detected"}
{"timestamp": null, "level": null, "name": "watchfiles.main", "message": "1 change detected"}
{"timestamp": null, "level": null, "name": "watchfiles.main", "message": "1 change detected"}
{"timestamp": null, "level": null, "name": "watchfiles.main", "message": "1 change detected"}
{"timestamp": null, "level": null, "name": "watchfiles.main", "message": "1 change detected"}
{"timestamp": null, "level": null, "name": "watchfiles.main", "message": "1 change detected"}
{"timestamp": null, "level": null, "name": "watchfiles.main", "message": "1 change detected"}
{"timestamp": null, "level": null, "name": "watchfiles.main", "message": "1 change detected"}
{"timestamp": null, "level": null, "name": "watchfiles.main", "message": "1 change detected"}
{"timestamp": null, "level": null, "name": "watchfiles.main", "message": "1 change detected"}
{"timestamp": null, "level": null, "name": "watchfiles.main", "message": "1 change detected"}
{"timestamp": null, "level": null, "name": "watchfiles.main", "message": "1 change detected"}
{"timestamp": null, "level": null, "name": "watchfiles.main", "message": "1 change detected"}
{"timestamp": null, "level": null, "name": "watchfiles.main", "message": "1 change detected"}
{"timestamp": null, "level": null, "name": "watchfiles.main", "message": "1 change detected"}
{"timestamp": null, "level": null, "name": "watchfiles.main", "message": "1 change detected"}
{"timestamp": null, "level": null, "name": "watchfiles.main", "message": "1 change detected"}
{"timestamp": null, "level": null, "name": "watchfiles.main", "message": "1 change detected"}
{"timestamp": null, "level": null, "name": "watchfiles.main", "message": "1 change detected"}
{"timestamp": null, "level": null, "name": "watchfiles.main", "message": "1 change detected"}
{"timestamp": null, "level": null, "name": "watchfiles.main", "message": "1 change detected"}
{"timestamp": null, "level": null, "name": "watchfiles.main", "message": "1 change detected"}
{"timestamp": null, "level": null, "name": "watchfiles.main", "message": "1 change detected"}
{"timestamp": null, "level": null, "name": "watchfiles.main", "message": "1 change detected"}
{"timestamp": null, "level": null, "name": "watchfiles.main", "message": "1 change detected"}
{"timestamp": null, "level": null, "name": "watchfiles.main", "message": "1 change detected"}
{"timestamp": null, "level": null, "name": "watchfiles.main", "message": "1 change detected"}
{"timestamp": null, "level": null, "name": "watchfiles.main", "message": "1 change detected"}
{"timestamp": null, "level": null, "name": "watchfiles.main", "message": "1 change detected"}
{"timestamp": null, "level": null, "name": "watchfiles.main", "message": "1 change detected"}
{"timestamp": null, "level": null, "name": "watchfiles.main", "message": "1 change detected"}
{"timestamp": null, "level": null, "name": "watchfiles.main", "message": "1 change detected"}
{"timestamp": null, "level": null, "name": "watchfiles.main", "message": "1 change detected"}
{"timestamp": null, "level": null, "name": "watchfiles.main", "message": "1 change detected"}
{"timestamp": null, "level": null, "name": "watchfiles.main", "message": "1 change detected"}
{"timestamp": null, "level": null, "name": "watchfiles.main", "message": "1 change detected"}
{"timestamp": null, "level": null, "name": "watchfiles.main", "message": "1 change detected"}
{"timestamp": null, "level": null, "name": "watchfiles.main", "message": "1 change detected"}
{"timestamp": null, "level": null, "name": "watchfiles.main", "message": "1 change detected"}
{"timestamp": null, "level": null, "name": "watchfiles.main", "message": "1 change detected"}
{"timestamp": null, "level": null, "name": "watchfiles.main", "message": "1 change detected"}
{"timestamp": null, "level": null, "name": "watchfiles.main", "message": "1 change detected"}
{"timestamp": null, "level": null, "name": "watchfiles.main", "message": "1 change detected"}
{"timestamp": null, "level": null, "name": "watchfiles.main", "message": "1 change detected"}
{"timestamp": null, "level": null, "name": "watchfiles.main", "message": "1 change detected"}
{"timestamp": null, "level": null, "name": "watchfiles.main", "message": "1 change detected"}
{"timestamp": null, "level": null, "name": "watchfiles.main", "message": "1 change detected"}
{"timestamp": null, "level": null, "name": "watchfiles.main", "message": "1 change detected"}
{"timestamp": null, "level": null, "name": "watchfiles.main", "message": "1 change detected"}
{"timestamp": null, "level": null, "name": "watchfiles.main", "message": "1 change detected"}
{"timestamp": null, "level": null, "name": "watchfiles.main", "message": "1 change detected"}
{"timestamp": null, "level": null, "name": "watchfiles.main", "message": "1 change detected"}
{"timestamp": null, "level": null, "name": "watchfiles.main", "message": "1 change detected"}
{"timestamp": null, "level": null, "name": "watchfiles.main", "message": "1 change detected"}
{"timestamp": null, "level": null, "name": "watchfiles.main", "message": "1 change detected"}
{"timestamp": null, "level": null, "name": "watchfiles.main", "message": "1 change detected"}
{"timestamp": null, "level": null, "name": "watchfiles.main", "message": "1 change detected"}
{"timestamp": null, "level": null, "name": "watchfiles.main", "message": "1 change detected"}
{"timestamp": null, "level": null, "name": "watchfiles.main", "message": "1 change detected"}
{"timestamp": null, "level": null, "name": "watchfiles.main", "message": "1 change detected"}
{"timestamp": null, "level": null, "name": "watchfiles.main", "message": "1 change detected"}
{"timestamp": null, "level": null, "name": "watchfiles.main", "message": "1 change detected"}
{"timestamp": null, "level": null, "name": "watchfiles.main", "message": "1 change detected"}
{"timestamp": null, "level": null, "name": "watchfiles.main", "message": "1 change detected"}
{"timestamp": null, "level": null, "name": "watchfiles.main", "message": "1 change detected"}
{"timestamp": null, "level": null, "name": "watchfiles.main", "message": "1 change detected"}
{"timestamp": null, "level": null, "name": "watchfiles.main", "message": "1 change detected"}
{"timestamp": null, "level": null, "name": "watchfiles.main", "message": "1 change detected"}
{"timestamp": null, "level": null, "name": "watchfiles.main", "message": "1 change detected"}
{"timestamp": null, "level": null, "name": "watchfiles.main", "message": "1 change detected"}
{"timestamp": null, "level": null, "name": "watchfiles.main", "message": "1 change detected"}
{"timestamp": null, "level": null, "name": "watchfiles.main", "message": "1 change detected"}
{"timestamp": null, "level": null, "name": "watchfiles.main", "message": "1 change detected"}
{"timestamp": null, "level": null, "name": "watchfiles.main", "message": "1 change detected"}
{"timestamp": null, "level": null, "name": "watchfiles.main", "message": "1 change detected"}
{"timestamp": null, "level": null, "name": "watchfiles.main", "message": "1 change detected"}
{"timestamp": null, "level": null, "name": "watchfiles.main", "message": "1 change detected"}
{"timestamp": null, "level": null, "name": "watchfiles.main", "message": "1 change detected"}
{"timestamp": null, "level": null, "name": "watchfiles.main", "message": "1 change detected"}
{"timestamp": null, "level": null, "name": "watchfiles.main", "message": "1 change detected"}
{"timestamp": null, "level": null, "name": "watchfiles.main", "message": "1 change detected"}
{"timestamp": null, "level": null, "name": "watchfiles.main", "message": "1 change detected"}
{"timestamp": null, "level": null, "name": "watchfiles.main", "message": "1 change detected"}
{"timestamp": null, "level": null, "name": "watchfiles.main", "message": "1 change detected"}
{"timestamp": null, "level": null, "name": "watchfiles.main", "message": "1 change detected"}
{"timestamp": null, "level": null, "name": "watchfiles.main", "message": "1 change detected"}
{"timestamp": null, "level": null, "name": "watchfiles.main", "message": "1 change detected"}
{"timestamp": null, "level": null, "name": "watchfiles.main", "message": "1 change detected"}
{"timestamp": null, "level": null, "name": "watchfiles.main", "message": "1 change detected"}
{"timestamp": null, "level": null, "name": "watchfiles.main", "message": "1 change detected"}
{"timestamp": null, "level": null, "name": "watchfiles.main", "message": "1 change detected"}
{"timestamp": null, "level": null, "name": "watchfiles.main", "message": "1 change detected"}
{"timestamp": null, "level": null, "name": "watchfiles.main", "message": "1 change detected"}
{"timestamp": null, "level": null, "name": "watchfiles.main", "message": "1 change detected"}
{"timestamp": null, "level": null, "name": "watchfiles.main", "message": "1 change detected"}
{"timestamp": null, "level": null, "name": "watchfiles.main", "message": "1 change detected"}
{"timestamp": null, "level": null, "name": "watchfiles.main", "message": "1 change detected"}
{"timestamp": null, "level": null, "name": "watchfiles.main", "message": "1 change detected"}
{"timestamp": null, "level": null, "name": "watchfiles.main", "message": "1 change detected"}
{"timestamp": null, "level": null, "name": "watchfiles.main", "message": "1 change detected"}
{"timestamp": null, "level": null, "name": "watchfiles.main", "message": "1 change detected"}
{"timestamp": null, "level": null, "name": "watchfiles.main", "message": "1 change detected"}
{"timestamp": null, "level": null, "name": "watchfiles.main", "message": "1 change detected"}
{"timestamp": null, "level": null, "name": "watchfiles.main", "message": "1 change detected"}
{"timestamp": null, "level": null, "name": "watchfiles.main", "message": "1 change detected"}
{"timestamp": null, "level": null, "name": "watchfiles.main", "message": "1 change detected"}
{"timestamp": null, "level": null, "name": "watchfiles.main", "message": "1 change detected"}
{"timestamp": null, "level": null, "name": "watchfiles.main", "message": "1 change detected"}
{"timestamp": null, "level": null, "name": "watchfiles.main", "message": "1 change detected"}
{"timestamp": null, "level": null, "name": "watchfiles.main", "message": "1 change detected"}
{"timestamp": null, "level": null, "name": "watchfiles.main", "message": "1 change detected"}
{"timestamp": null, "level": null, "name": "watchfiles.main", "message": "1 change detected"}
{"timestamp": null, "level": null, "name": "watchfiles.main", "message": "1 change detected"}
{"timestamp": null, "level": null, "name": "watchfiles.main", "message": "1 change detected"}
{"timestamp": null, "level": null, "name": "watchfiles.main", "message": "1 change detected"}
{"timestamp": null, "level": null, "name": "watchfiles.main", "message": "1 change detected"}
{"timestamp": null, "level": null, "name": "watchfiles.main", "message": "1 change detected"}
{"timestamp": null, "level": null, "name": "watchfiles.main", "message": "1 change detected"}
{"timestamp": null, "level": null, "name": "watchfiles.main", "message": "1 change detected"}
{"timestamp": null, "level": null, "name": "watchfiles.main", "message": "1 change detected"}
{"timestamp": null, "level": null, "name": "watchfiles.main", "message": "1 change detected"}
{"timestamp": null, "level": null, "name": "watchfiles.main", "message": "1 change detected"}
{"timestamp": null, "level": null, "name": "watchfiles.main", "message": "1 change detected"}
{"timestamp": null, "level": null, "name": "watchfiles.main", "message": "1 change detected"}
{"timestamp": null, "level": null, "name": "watchfiles.main", "message": "1 change detected"}
{"timestamp": null, "level": null, "name": "watchfiles.main", "message": "1 change detected"}
{"timestamp": null, "level": null, "name": "watchfiles.main", "message": "1 change detected"}
{"timestamp": null, "level": null, "name": "watchfiles.main", "message": "1 change detected"}
{"timestamp": null, "level": null, "name": "watchfiles.main", "message": "1 change detected"}
{"timestamp": null, "level": null, "name": "watchfiles.main", "message": "1 change detected"}
{"timestamp": null, "level": null, "name": "watchfiles.main", "message": "1 change detected"}
{"timestamp": null, "level": null, "name": "watchfiles.main", "message": "1 change detected"}
{"timestamp": null, "level": null, "name": "watchfiles.main", "message": "1 change detected"}
{"timestamp": null, "level": null, "name": "watchfiles.main", "message": "1 change detected"}
{"timestamp": null, "level": null, "name": "watchfiles.main", "message": "1 change detected"}
{"timestamp": null, "level": null, "name": "watchfiles.main", "message": "1 change detected"}
{"timestamp": null, "level": null, "name": "watchfiles.main", "message": "1 change detected"}
{"timestamp": null, "level": null, "name": "watchfiles.main", "message": "1 change detected"}
{"timestamp": null, "level": null, "name": "watchfiles.main", "message": "1 change detected"}
{"timestamp": null, "level": null, "name": "watchfiles.main", "message": "1 change detected"}
{"timestamp": null, "level": null, "name": "watchfiles.main", "message": "1 change detected"}
{"timestamp": null, "level": null, "name": "watchfiles.main", "message": "1 change detected"}
{"timestamp": null, "level": null, "name": "watchfiles.main", "message": "1 change detected"}
{"timestamp": null, "level": null, "name": "watchfiles.main", "message": "1 change detected"}
{"timestamp": null, "level": null, "name": "watchfiles.main", "message": "1 change detected"}
{"timestamp": null, "level": null, "name": "src.policy.policy_engine", "message": "Loaded 6 policies"}
{"timestamp": "2025-12-19T01:31:58.366389", "level": null, "name": "audit", "message": "user_registration - User: harshith, Resource: N/A, Success: True", "event_id": "72b64b08-4dd1-4cfa-a78c-ee79180d3c9a", "event_type": "authentication", "severity": "info", "user_id": "harshith", "action": "user_registration", "resource": null, "details": {}, "ip_address": "toMf+5zC7jukpuwfy2gt9PeI7Asxgh2cRiii8luTH2U1BKB4VQNk3w==", "device_id": null, "session_id": null, "success": true}
{"timestamp": null, "level": null, "name": "src.verification.device_verifier", "message": "Device registered - User: user_harshith, Device: 44136fa355b3678a1146ad16f7e8649e94fb4fc21fe77e8310c060f61caaff8a"}
{"timestamp": null, "level": null, "name": "src.verification.session_manager", "message": "Session created - User: user_harshith, Session: lpnyZCdFcCd41y8cwygOWO-sVmGAI6FZCVxN6r9phbw"}
{"timestamp": null, "level": null, "name": "src.identity.token_manager", "message": "Access token created for user: user_harshith"}
{"timestamp": null, "level": null, "name": "src.identity.token_manager", "message": "Refresh token created for user: user_harshith"}
{"timestamp": "2025-12-19T01:32:08.938524", "level": null, "name": "audit", "message": "authentication_password_success - User: user_harshith, Resource: N/A, Success: True", "event_id": "5f66a724-9163-4e77-9a9a-452af3dc4ced", "event_type": "authentication", "severity": "info", "user_id": "user_harshith", "action": "authentication_password_success", "resource": null, "details": "oB5ATzGjxCGSuWHp4fIg/bloxwSoOL7ILXIdx/mVF9pg2Bep1XICsIm6Ur6LMNCHhcdrUr0GLJrSdAVJdasK+r87I384I8M5NZA=", "ip_address": "IGY6lj7oFxk4y7S5UoaMn6UpcYNztuqhMxWo2YOyJo8sbRThvxKUcg==", "device_id": "44136fa355b3678a1146ad16f7e8649e94fb4fc21fe77e8310c060f61caaff8a", "session_id": null, "success": true}
{"timestamp": null, "level": null, "name": "src.policy.policy_engine", "message": "Loaded 6 policies"}
{"timestamp": null, "level": null, "name": "src.policy.policy_engine", "message": "Loaded 6 policies"}
{"timestamp": null, "level": null, "name": "src.policy.policy_engine", "message": "Loaded 6 policies"}
{"timestamp": null, "level": null, "name": "src.policy.policy_engine", "message": "Loaded 6 policies"}
{"timestamp": null, "level": null, "name": "src.policy.policy_engine", "message": "Loaded 6 policies"}
{"timestamp": null, "level": null, "name": "src.policy.policy_engine", "message": "Loaded 6 policies"}
{"timestamp": null, "level": null, "name": "src.policy.policy_engine", "message": "Loaded 6 policies"}
{"timestamp": null, "level": null, "name": "src.policy.policy_engine", "message": "Loaded 6 policies"}
{"timestamp": null, "level": null, "name": "src.policy.policy_engine", "message": "Loaded 6 policies"}
{"timestamp": null, "level": null, "name": "src.policy.policy_engine", "message": "Loaded 6 policies"}
{"timestamp": null, "level": null, "name": "src.policy.policy_engine", "message": "Loaded 6 policies"}
{"timestamp": null, "level": null, "name": "src.policy.policy_engine", "message": "Loaded 6 policies"}
{"timestamp": null, "level": null, "name": "src.policy.policy_engine", "message": "Loaded 6 policies"}
{"timestamp": null, "level": null, "name": "src.policy.policy_engine", "message": "Loaded 6 policies"}
{"timestamp": null, "level": null, "name": "src.policy.policy_engine", "message": "Loaded 6 policies"}
{"timestamp": null, "level": null, "name": "src.policy.policy_engine", "message": "Loaded 6 policies"}
{"timestamp": null, "level": null, "name": "src.policy.policy_engine", "message": "Loaded 6 policies"}
{"timestamp": null, "level": null, "name": "src.policy.policy_engine", "message": "Loaded 6 policies"}
{"timestamp": null, "level": null, "name": "src.policy.policy_engine", "message": "Loaded 6 policies"}
{"timestamp": null, "level": null, "name": "src.policy.policy_engine", "message": "Loaded 6 policies"}
{"timestamp": null, "level": null, "name": "src.policy.policy_engine", "message": "Loaded 6 policies"}
{"timestamp": null, "level": null, "name": "src.policy.policy_engine", "message": "Loaded 6 policies"}
{"timestamp": "2025-12-19T01:43:17.011262", "level": null, "name": "audit", "message": "user_registration - User: harshith, Resource: N/A, Success: True", "event_id": "5b7430d4-8b00-4010-81e5-ab5a1bafd1d4", "event_type": "authentication", "severity": "info", "user_id": "harshith", "action": "user_registration", "resource": null, "details": {}, "ip_address": "wYu/+3pb5Vm6UN2kXArx0lFvexX45VmcMXHrsjTu21nkAgA7Bmj3yA==", "device_id": null, "session_id": null, "success": true}
{"timestamp": null, "level": null, "name": "src.identity.token_manager", "message": "Access token created for user: user_harshith"}
{"timestamp": null, "level": null, "name": "src.identity.token_manager", "message": "Refresh token created for user: user_harshith"}
{"timestamp": "2025-12-19T01:43:28.552134", "level": null, "name": "audit", "message": "authentication_password_success - User: user_harshith, Resource: N/A, Success: True", "event_id": "d2c28ba1-cc7d-40e8-a6e0-d615998a2e9d", "event_type": "authentication", "severity": "info", "user_id": "user_harshith", "action": "authentication_password_success", "resource": null, "details": "mXmZObQvt1ItpHhKoLru8H4eJyHmI5IgUWyC1/KSWZVfTcLb9k0W7nuJD0mpybCLJaF3y6GK2npg5+9h7bAPxhaxIFsgnXBvHWY=", "ip_address": "gwgyGC3cSYr2QViiTzxHmaWiXJvvKRNSqhFlBFNL7ThIvFezuDVzgQ==", "device_id": null, "session_id": null, "success": true}
{"timestamp": "2025-12-19T01:44:02.346997", "level": null, "name": "audit", "message": "read - User: user_harshith, Resource: account, Success: True", "event_id": "8834a3fe-8667-45a0-8a8b-874f6190dfd4", "event_type": "data_access", "severity": "info", "user_id": "user_harshith", "action": "read", "resource": "account", "details": "L4DsCUArmTwyBr/ZYTpy9wXCIp8h4W8i9yphXM0nHjxJ9idmEWcPbc+CbwrIY6nZ3fBKhNA+NHSQjmHpF+U=", "ip_address": null, "device_id": null, "session_id": null, "success": true}
{"timestamp": null, "level": null, "name": "src.identity.token_manager", "message": "Token blacklisted successfully"}
{"timestamp": "2025-12-19T01:44:25.384659", "level": null, "name": "audit", "message": "user_logout - User: user_harshith, Resource: N/A, Success: True", "event_id": "f413e397-edc4-447d-a148-27007a1e7ef2", "event_type": "authentication", "severity": "info", "user_id": "user_harshith", "action": "user_logout", "resource": null, "details": {}, "ip_address": null, "device_id": null, "session_id": null, "success": true}
{"timestamp": "2025-12-19T01:52:27.533482", "level": null, "name": "audit", "message": "user_registration - User: demo_user, Resource: N/A, Success: True", "event_id": "9f0d0527-bf78-426f-a738-12a2638bc97a", "event_type": "authentication", "severity": "info", "user_id": "demo_user", "action": "user_registration", "resource": null, "details": {}, "ip_address": "ODSShKpntsqfVW9chamJqoqCJIZpzh+2DBzHoDn+DNZ/UGhXnbs6CQ==", "device_id": null, "session_id": null, "success": true}
{"timestamp": null, "level": null, "name": "src.identity.token_manager", "message": "Access token created for user: user_demo_user"}
{"timestamp": null, "level": null, "name": "src.identity.token_manager", "message": "Refresh token created for user: user_demo_user"}
{"timestamp": "2025-12-19T01:52:34.514080", "level": null, "name": "audit", "message": "authentication_password_success - User: user_demo_user, Resource: N/A, Success: True", "event_id": "248818a5-c85f-46bb-9bfe-3f8747f144b9", "event_type": "authentication", "severity": "info", "user_id": "user_demo_user", "action": "authentication_password_success", "resource": null, "details": "FnyzYrVUmePTT6Qqjar5zXnyuopyB8MrqBl+ztxcJ3KIEierDk7LqcgYB3QLOGMhpa74ze0gnuewR0P3VpFkmGXGUuxUU/s/xFI=", "ip_address": "r/dmwcKPrDjYqVT5uF1hmBVXXHlOL8NR46D7oQ3mmB2Go+ukk4Xg7Q==", "device_id": null, "session_id": null, "success": true}
{"timestamp": "2025-12-19T01:53:21.890996", "level": null, "name": "audit", "message": "read - User: user_demo_user, Resource: account, Success: True", "event_id": "e656c3c0-02fa-46b7-976e-892706ccf51d", "event_type": "data_access", "severity": "info", "user_id": "user_demo_user", "action": "read", "resource": "account", "details": "Z2TFkNEofbYHQ41Pz0406EMkJh32O1djXw+HGO5LWF61YmzL0H2Ugd6jXd2pNLLOxNutHCJX6oBhi6Ux4xc=", "ip_address": null, "device_id": null, "session_id": null, "success": true}
{"timestamp": "2025-12-19T01:54:29.904222", "level": null, "name": "audit", "message": "read - User: user_demo_user, Resource: account, Success: True", "event_id": "b222301c-7a86-4404-a620-b7f801da7ddb", "event_type": "data_access", "severity": "info", "user_id": "user_demo_user", "action": "read", "resource": "account", "details": "MeuEUwJZBgx5RnoPQBQ/s/Zo04p99mM5DuPA0wl26p3WjVlfaDG3BWOSjIi+ZU3fAsznZlYRJQM9pPZmkj4=", "ip_address": null, "device_id": null, "session_id": null, "success": true}
{"timestamp": "2025-12-19T01:58:00.537029", "level": null, "name": "audit", "message": "user_registration - User: perf_test_21705, Resource: N/A, Success: True", "event_id": "8bb8d95a-95cc-4464-91c8-8f47940342d9", "event_type": "authentication", "severity": "info", "user_id": "perf_test_21705", "action": "user_registration", "resource": null, "details": {}, "ip_address": "zzbbbkNoq9jPrl9fF1PSwsRBks2Xhx2xJ6RMTiwHABRI0cYt0gDdkQ==", "device_id": null, "session_id": null, "success": true}
{"timestamp": null, "level": null, "name": "src.identity.token_manager", "message": "Access token created for user: user_harshith"}
{"timestamp": null, "level": null, "name": "src.identity.token_manager", "message": "Refresh token created for user: user_harshith"}
{"timestamp": "2025-12-19T01:58:00.551455", "level": null, "name": "audit", "message": "authentication_password_success - User: user_harshith, Resource: N/A, Success: True", "event_id": "0225fb33-e890-4041-bce2-6afcadec0a2e", "event_type": "authentication", "severity": "info", "user_id": "user_harshith", "action": "authentication_password_success", "resource": null, "details": "D1WUu7whP7+1FBqa/rhwCukowDhZ5SbiJ9FWfxsauFDy/neuHIVwPaKCi6knte7rf6XPPCLF1A5sOwmExkfphJ8JvUwwQgbdtVc=", "ip_address": "bMsjgMXZhFvYM1rlpqI9IOurCs4eI4UjFbJ66pcr9dafhROWqVhwgA==", "device_id": null, "session_id": null, "success": true}
{"timestamp": "2025-12-19T01:59:16.071382", "level": null, "name": "audit", "message": "user_registration - User: loadtest_6435, Resource: N/A, Success: True", "event_id": "1c2b26e3-5f05-458e-a843-2bb47bf4b0c1", "event_type": "authentication", "severity": "info", "user_id": "loadtest_6435", "action": "user_registration", "resource": null, "details": {}, "ip_address": "9nrmNHlNGOUzXiQEG31ua+1xBuiQlE90k2JxzbOBbFQnGi9GSVqW8g==", "device_id": null, "session_id": null, "success": true}
{"timestamp": null, "level": null, "name": "src.identity.token_manager", "message": "Access token created for user: user_harshith"}
{"timestamp": null, "level": null, "name": "src.identity.token_manager", "message": "Refresh token created for user: user_harshith"}
{"timestamp": "2025-12-19T01:59:16.082179", "level": null, "name": "audit", "message": "authentication_password_success - User: user_harshith, Resource: N/A, Success: True", "event_id": "8d296e0f-0fec-49e9-8d09-2c7c8bcae5dd", "event_type": "authentication", "severity": "info", "user_id": "user_harshith", "action": "authentication_password_success", "resource": null, "details": "7vrjI2HkskOwWS0syNTRxaPsnn6rLuZG3br5/WDqnoax61sJDDTungwB9iVt3m8wWcAjGj4uguIwF43gmv9VNkIrwIrkn0vWMvk=", "ip_address": "4tFHJtSZnJSen9sqbsHP8gNQbguLl6h2eQvm3RN4+rre1INHWNL/Tw==", "device_id": null, "session_id": null, "success": true}
{"timestamp": "2025-12-19T01:59:16.126950", "level": null, "name": "audit", "message": "read - User: user_harshith, Resource: account, Success: True", "event_id": "d94af17f-4ccd-43b8-9451-56bd263df37b", "event_type": "data_access", "severity": "info", "user_id": "user_harshith", "action": "read", "resource": "account", "details": "JvRMc1tDYtv8yimvvYhFe94d/vEEeSq72xk+hxiPeq8s0TtWdkmY/Nw0iCmDJIsNNFt0ZO2HG58Cy9eLmJ4=", "ip_address": null, "device_id": null, "session_id": null, "success": true}
{"timestamp": "2025-12-19T01:59:16.139767", "level": null, "name": "audit", "message": "read - User: user_harshith, Resource: account, Success: True", "event_id": "b2fe1529-c259-4139-b2b4-63bae3103e40", "event_type": "data_access", "severity": "info", "user_id": "user_harshith", "action": "read", "resource": "account", "details": "BvNZnXSUFdqQxvwbBKMLs9LkHuhjsIcF87JgPrXC+mDAwY65tAdpbGeybK6EP/34fOIXqlpDDjknANO0GrI=", "ip_address": null, "device_id": null, "session_id": null, "success": true}
{"timestamp": "2025-12-19T01:59:16.146908", "level": null, "name": "audit", "message": "read - User: user_harshith, Resource: account, Success: True", "event_id": "e0f301f7-6e82-4a99-bc21-33fbbfd6ac84", "event_type": "data_access", "severity": "info", "user_id": "user_harshith", "action": "read", "resource": "account", "details": "Ke9Lwdw3IvMR6uJyxgn2WOZss63yeIyofdEnR0Mf1yDQEIpmX/9kobDymckXzes2xUCAebCIFPHr7NghaeY=", "ip_address": null, "device_id": null, "session_id": null, "success": true}
{"timestamp": "2025-12-19T01:59:16.153368", "level": null, "name": "audit", "message": "read - User: user_harshith, Resource: account, Success: True", "event_id": "21b302d5-4220-488b-a3e6-45905ed97bd0", "event_type": "data_access", "severity": "info", "user_id": "user_harshith", "action": "read", "resource": "account", "details": "KCweMn56sIOxhB5bXI+m+T/AFSVtfdWafm5O9xK4ewd+vFeNRcsm4QACbdf955fLz7ijY0frFj640/ELEuc=", "ip_address": null, "device_id": null, "session_id": null, "success": true}
{"timestamp": "2025-12-19T01:59:16.159383", "level": null, "name": "audit", "message": "read - User: user_harshith, Resource: account, Success: True", "event_id": "d3432af7-0763-4b60-8572-fae78fdd0b56", "event_type": "data_access", "severity": "info", "user_id": "user_harshith", "action": "read", "resource": "account", "details": "zupjtOl7BI4jtHuDAauYy9fQjbYBGPaSSWsqf/xZv9HdngXeWggkr9pWDlKLDtfUgBCUwvH5G6h7tY6OPJw=", "ip_address": null, "device_id": null, "session_id": null, "success": true}
{"timestamp": "2025-12-19T01:59:16.164850", "level": null, "name": "audit", "message": "read - User: user_harshith, Resource: account, Success: True", "event_id": "12ef91e9-8426-4142-80e1-92dd462415ce", "event_type": "data_access", "severity": "info", "user_id": "user_harshith", "action": "read", "resource": "account", "details": "pTijc+c077QL8kf9lQP45gcPIWuFgXXOea8q8YtneuS7Dmb5cP9gsSPeIfbrNA7SLHy3mt+zq4u4WTMgAXA=", "ip_address": null, "device_id": null, "session_id": null, "success": true}
{"timestamp": "2025-12-19T01:59:16.171428", "level": null, "name": "audit", "message": "read - User: user_harshith, Resource: account, Success: True", "event_id": "df078445-4d8f-456d-9057-aa35db956c89", "event_type": "data_access", "severity": "info", "user_id": "user_harshith", "action": "read", "resource": "account", "details": "h2xKKnff1xOxLYrp3/BN+SPycAyA2CsnWq5z8ypEDmhgP586djsEhUYYAYdqVJxPG7do15zl3wnPfo1I00k=", "ip_address": null, "device_id": null, "session_id": null, "success": true}
{"timestamp": "2025-12-19T01:59:16.178235", "level": null, "name": "audit", "message": "read - User: user_harshith, Resource: account, Success: True", "event_id": "705b9b2b-2423-4c9b-8d4d-26a09c37f8f1", "event_type": "data_access", "severity": "info", "user_id": "user_harshith", "action": "read", "resource": "account", "details": "MkAglM9pTQLIadyeo2yJAflP9cIwkmnW7Q74oRa71vxW7oxcQ0BvbutgQMQ54qhA0QX1mwuxMU32ZrJsC2w=", "ip_address": null, "device_id": null, "session_id": null, "success": true}
{"timestamp": "2025-12-19T01:59:16.184747", "level": null, "name": "audit", "message": "read - User: user_harshith, Resource: account, Success: True", "event_id": "7e7d81a6-bdd5-49bc-a184-98b056239771", "event_type": "data_access", "severity": "info", "user_id": "user_harshith", "action": "read", "resource": "account", "details": "tPS1LRL+Pj81QG+sCmAbv9Hen2kJ7YP7QGQZWbmSNdzZW9nJAvc0Q//MfEtZaG24J0wl4nM/bFJxg0FIymY=", "ip_address": null, "device_id": null, "session_id": null, "success": true}
{"timestamp": "2025-12-19T01:59:16.191753", "level": null, "name": "audit", "message": "read - User: user_harshith, Resource: account, Success: True", "event_id": "63cead5b-4ebf-4639-850d-6417eed156c4", "event_type": "data_access", "severity": "info", "user_id": "user_harshith", "action": "read", "resource": "account", "details": "9Whqc/zeH7vzikrwE+O1LY3GgB9QXsoB6ApaRWOPB+1NBQ4GApGXHo4SJu1ursoHNSze9PrVJr2AQfSKvic=", "ip_address": null, "device_id": null, "session_id": null, "success": true}
{"timestamp": "2025-12-19T01:59:16.198425", "level": null, "name": "audit", "message": "read - User: user_harshith, Resource: account, Success: True", "event_id": "543e0588-56f6-491b-a553-3c8145fbd247", "event_type": "data_access", "severity": "info", "user_id": "user_harshith", "action": "read", "resource": "account", "details": "LF2TKd2huSzchG4s6Xatgj6BWDX2BITw3BuGIkCw2eRngFjS39AsBKU8Qke03wu03LGY+OLBFfTPjcmN6e0=", "ip_address": null, "device_id": null, "session_id": null, "success": true}
{"timestamp": "2025-12-19T01:59:16.204625", "level": null, "name": "audit", "message": "read - User: user_harshith, Resource: account, Success: True", "event_id": "25fe44dd-c0d5-48c7-a00a-b92d395ed8d8", "event_type": "data_access", "severity": "info", "user_id": "user_harshith", "action": "read", "resource": "account", "details": "sw2o6E/9sY00m5w0DFjCXj5vsPManqGQxzxJEtgHqiTA3panb7S2ACneLqIPgS4Iy/6CaAlo/EIylvjdu6U=", "ip_address": null, "device_id": null, "session_id": null, "success": true}
{"timestamp": "2025-12-19T01:59:16.210696", "level": null, "name": "audit", "message": "read - User: user_harshith, Resource: account, Success: True", "event_id": "90794024-4a6e-454e-ba87-86d818a80385", "event_type": "data_access", "severity": "info", "user_id": "user_harshith", "action": "read", "resource": "account", "details": "3OvEUpWPxB9e6INk4c85Us3rJvYkB/w3sUrz+3A8n6NwV458DybzjnW30C8bJPGn7A+Da6sNl81ozVwq7Sg=", "ip_address": null, "device_id": null, "session_id": null, "success": true}
{"timestamp": "2025-12-19T01:59:16.216885", "level": null, "name": "audit", "message": "read - User: user_harshith, Resource: account, Success: True", "event_id": "3fd9d1f6-1110-440e-b802-bcebd2c4cc2b", "event_type": "data_access", "severity": "info", "user_id": "user_harshith", "action": "read", "resource": "account", "details": "GztDhjQ1lfCt/WHORI8zpA3RD+BGR264wU1CMqKDM5+Z3AEuh2KPkX0J8f1WlEM6bgUoz2/AI9MSGD9pvYE=", "ip_address": null, "device_id": null, "session_id": null, "success": true}
{"timestamp": "2025-12-19T01:59:16.222836", "level": null, "name": "audit", "message": "read - User: user_harshith, Resource: account, Success: True", "event_id": "9be17270-dd01-48d5-816b-95537ff7388e", "event_type": "data_access", "severity": "info", "user_id": "user_harshith", "action": "read", "resource": "account", "details": "7sPYo9IYrVYy1/3+FSDtMQs82CqJY7LkoWiO15PCF3tSvwHDEqJxd/LDt0NVg7r7ceYhh3B+fQyY6tws954=", "ip_address": null, "device_id": null, "session_id": null, "success": true}
{"timestamp": "2025-12-19T01:59:16.229052", "level": null, "name": "audit", "message": "read - User: user_harshith, Resource: account, Success: True", "event_id": "48f4fd3e-9179-49e6-acf4-ba74b61dadef", "event_type": "data_access", "severity": "info", "user_id": "user_harshith", "action": "read", "resource": "account", "details": "aHpwKRyCFRhJLdsSAcW4DSMNxI4NPxPlujf/VoTrrKQIpPd9Ye/mBe4OjJlHCkZjIrIKbzeG6DaL7LhuHOo=", "ip_address": null, "device_id": null, "session_id": null, "success": true}
{"timestamp": "2025-12-19T01:59:16.235417", "level": null, "name": "audit", "message": "read - User: user_harshith, Resource: account, Success: True", "event_id": "51a27047-f526-4602-8377-cbda52016f67", "event_type": "data_access", "severity": "info", "user_id": "user_harshith", "action": "read", "resource": "account", "details": "i8X16aes0Nq3C05jv8sPbb1f9qI0X7msHcaENEt1kyxD3xgaWkXPj3nbNuBLg1HI3tavIWz6rScQo2ruj7I=", "ip_address": null, "device_id": null, "session_id": null, "success": true}
{"timestamp": "2025-12-19T01:59:16.242061", "level": null, "name": "audit", "message": "read - User: user_harshith, Resource: account, Success: True", "event_id": "2e1b96ff-e131-4e73-9d0e-d4e73aab5b79", "event_type": "data_access", "severity": "info", "user_id": "user_harshith", "action": "read", "resource": "account", "details": "4kDLOXANi07FEqa5Rtlo/BWYakCykzguCMkjajYFR1kGoveIRNzVYLWRyJuWCnxTN0m0W80bc/HZ6klHgLQ=", "ip_address": null, "device_id": null, "session_id": null, "success": true}
{"timestamp": "2025-12-19T01:59:16.248388", "level": null, "name": "audit", "message": "read - User: user_harshith, Resource: account, Success: True", "event_id": "87c84400-ceb9-45f0-bd92-94e1d2e8d7c1", "event_type": "data_access", "severity": "info", "user_id": "user_harshith", "action": "read", "resource": "account", "details": "JZhApo92SkPxd+AQUOk2owJb2X5MhwzZ0pdW9l2HlxncwWf2L62zK/XJskDJZMcb8FfFVqcuouvuVVkqp8A=", "ip_address": null, "device_id": null, "session_id": null, "success": true}
{"timestamp": "2025-12-19T01:59:16.255723", "level": null, "name": "audit", "message": "read - User: user_harshith, Resource: account, Success: True", "event_id": "36b258b3-b312-4ea0-b265-78fe5b64180d", "event_type": "data_access", "severity": "info", "user_id": "user_harshith", "action": "read", "resource": "account", "details": "81qCz1oBDULdeF8DeYpe4opiH2mguYHoevC0+pTM7faql/41WGaoJgI6MhDTaJAoULr4TnDiKQM8qtPNPhs=", "ip_address": null, "device_id": null, "session_id": null, "success": true}
{"timestamp": "2025-12-19T01:59:16.262997", "level": null, "name": "audit", "message": "read - User: user_harshith, Resource: account, Success: True", "event_id": "c93168f0-8819-438b-85c3-99e55cfaeb44", "event_type": "data_access", "severity": "info", "user_id": "user_harshith", "action": "read", "resource": "account", "details": "8ynrA84m/xcGmkfdrOrS9VEj/o9XoGsZ9oFIZDWZcNeJU4qrCyhAvtJpFrIVqCurew9D+OeI+em0CAUAVxA=", "ip_address": null, "device_id": null, "session_id": null, "success": true}
{"timestamp": "2025-12-19T01:59:16.270362", "level": null, "name": "audit", "message": "read - User: user_harshith, Resource: account, Success: True", "event_id": "297dd669-ff9f-435b-8218-d9b2f7f7c085", "event_type": "data_access", "severity": "info", "user_id": "user_harshith", "action": "read", "resource": "account", "details": "oHjlEkXlOVnRnDPkf/zcCKD/olLAWVBmyxEgTHI+uuVPOF3ZGdYK18d3QtyiIOzVPR2KI2BhVXi7FqtwBfo=", "ip_address": null, "device_id": null, "session_id": null, "success": true}
{"timestamp": "2025-12-19T01:59:16.276860", "level": null, "name": "audit", "message": "read - User: user_harshith, Resource: account, Success: True", "event_id": "0c613bd1-52e5-4b88-a50c-eac5b1f410c0", "event_type": "data_access", "severity": "info", "user_id": "user_harshith", "action": "read", "resource": "account", "details": "hr8yIIpI29h0ZJ5woJx8Hv78jkTcvnwDAAbmO+SGjDcj3a0969n8KNFbgkm5LivwT5Zu4UB3L0Uph2w5S0w=", "ip_address": null, "device_id": null, "session_id": null, "success": true}
{"timestamp": "2025-12-19T01:59:16.284982", "level": null, "name": "audit", "message": "read - User: user_harshith, Resource: account, Success: True", "event_id": "8bdc5e65-6a86-458d-8f61-27861b908c14", "event_type": "data_access", "severity": "info", "user_id": "user_harshith", "action": "read", "resource": "account", "details": "08r1/7F1mvK5Z6MuUZghiBi+40v5tifk+UxV5cad3fN7Kdk6NdqEqFgr7Zkw+Dj+TYwjV2zlUyPUVuVYsu0=", "ip_address": null, "device_id": null, "session_id": null, "success": true}
{"timestamp": "2025-12-19T01:59:16.291997", "level": null, "name": "audit", "message": "read - User: user_harshith, Resource: account, Success: True", "event_id": "8f5d2527-4b88-4320-af47-11c77c0dd8be", "event_type": "data_access", "severity": "info", "user_id": "user_harshith", "action": "read", "resource": "account", "details": "fJ130mlUks2d3/z9Tk0sXFQ+2kKol9eEEeK5DVWu3JQ2jQOQRAV4COkqOzKRrYUxMQOZkrQXxcVV5wNTZQU=", "ip_address": null, "device_id": null, "session_id": null, "success": true}
{"timestamp": "2025-12-19T01:59:16.299406", "level": null, "name": "audit", "message": "read - User: user_harshith, Resource: account, Success: True", "event_id": "36e2eeae-8c30-469d-8db5-ecd8443e2123", "event_type": "data_access", "severity": "info", "user_id": "user_harshith", "action": "read", "resource": "account", "details": "OxBBJFfQ3NbawqhcpN+q6Gib0vjKWZNr0LrEou9j2/EBsGF82ctEtEabpTYlOvbEs/D3b13H3Wkozfc2a84=", "ip_address": null, "device_id": null, "session_id": null, "success": true}
{"timestamp": "2025-12-19T01:59:16.306499", "level": null, "name": "audit", "message": "read - User: user_harshith, Resource: account, Success: True", "event_id": "a2a8cd8e-a4f4-44a8-84d8-208fa8e571a6", "event_type": "data_access", "severity": "info", "user_id": "user_harshith", "action": "read", "resource": "account", "details": "D9208ULLkT/o0MXpuBPaT6Ka2sco9vxJnxI1r/fKj6ie0VD3ZWWaU06RQbhqGkpINl00G54qhkmzRw2vMD8=", "ip_address": null, "device_id": null, "session_id": null, "success": true}
{"timestamp": "2025-12-19T01:59:16.312799", "level": null, "name": "audit", "message": "read - User: user_harshith, Resource: account, Success: True", "event_id": "4837435f-c88e-4ac4-a187-066ccea5d366", "event_type": "data_access", "severity": "info", "user_id": "user_harshith", "action": "read", "resource": "account", "details": "/63VS+mhhz++/7zj8Im5EWtbuSSUO3EtkJBN5nScKELZzYamXQcFdd9lbtal3d5y7/tvgeG5xl5QFYpUkgE=", "ip_address": null, "device_id": null, "session_id": null, "success": true}
{"timestamp": "2025-12-19T01:59:16.318795", "level": null, "name": "audit", "message": "read - User: user_harshith, Resource: account, Success: True", "event_id": "d5b82ce0-c13a-4277-9248-e418e3b79cb2", "event_type": "data_access", "severity": "info", "user_id": "user_harshith", "action": "read", "resource": "account", "details": "zSUM7pOUEhW+C1yjCi/rC0WwKdDDzdbosHH+tzKX1W37CaEonUEU7EzoFxQJJHIF8h15pxTVadwAI9BAtxo=", "ip_address": null, "device_id": null, "session_id": null, "success": true}
{"timestamp": "2025-12-19T01:59:16.325229", "level": null, "name": "audit", "message": "read - User: user_harshith, Resource: account, Success: True", "event_id": "371806d2-3e0f-4227-a7b9-a64c43ca7084", "event_type": "data_access", "severity": "info", "user_id": "user_harshith", "action": "read", "resource": "account", "details": "BV8JefgXA7hkfm9hZBu1OjbANtBwJD4Z3P90a8qc5+bVFUHNfZe75xiSvQ7lkPCX+nxWGI3S3yNy2hOap8E=", "ip_address": null, "device_id": null, "session_id": null, "success": true}
{"timestamp": "2025-12-19T01:59:16.331430", "level": null, "name": "audit", "message": "read - User: user_harshith, Resource: account, Success: True", "event_id": "8dcfaa9b-d291-49c0-93d5-78b57215092b", "event_type": "data_access", "severity": "info", "user_id": "user_harshith", "action": "read", "resource": "account", "details": "7cjUkjH3t+FQQHjGQvLtgEzepJq5d4UMyho4MP0bvXVFjKDVUbQgpdWWURaHZo721q51MfnUPAdpM7fHHpE=", "ip_address": null, "device_id": null, "session_id": null, "success": true}
{"timestamp": "2025-12-19T01:59:16.337821", "level": null, "name": "audit", "message": "read - User: user_harshith, Resource: account, Success: True", "event_id": "729af529-e38e-4fbc-a451-d2f6cbd97094", "event_type": "data_access", "severity": "info", "user_id": "user_harshith", "action": "read", "resource": "account", "details": "rx7auFXfIS4uN23803ktHJO9oVhZEVRUI3ePINM9CT4VV6lPvonKaC2SX0RlLx5FywkqmQ/ootvbsbyPXJc=", "ip_address": null, "device_id": null, "session_id": null, "success": true}
{"timestamp": "2025-12-19T01:59:16.344718", "level": null, "name": "audit", "message": "read - User: user_harshith, Resource: account, Success: True", "event_id": "219acac4-d31d-47a1-b242-28c9386c09ad", "event_type": "data_access", "severity": "info", "user_id": "user_harshith", "action": "read", "resource": "account", "details": "ypr0iPfyPHqL/YQeL684VD6bCS9kvvgZdGXlTmLigiI2U03oz+LsN1rtKhd0wIkrWlUCOwbe8vTl1M1ZRcU=", "ip_address": null, "device_id": null, "session_id": null, "success": true}
{"timestamp": "2025-12-19T01:59:16.351446", "level": null, "name": "audit", "message": "read - User: user_harshith, Resource: account, Success: True", "event_id": "05471bcf-29e8-4016-b194-c61dc477e440", "event_type": "data_access", "severity": "info", "user_id": "user_harshith", "action": "read", "resource": "account", "details": "VY9AL+lLpbaknmqpgpxVSI6lWTKVqLvBsI6gQbauM71QdWYW6asu+uRttipJ6JevyVix+TcKQ1xwSkKnYeE=", "ip_address": null, "device_id": null, "session_id": null, "success": true}
{"timestamp": "2025-12-19T01:59:16.359205", "level": null, "name": "audit", "message": "read - User: user_harshith, Resource: account, Success: True", "event_id": "da70076a-5b37-4549-952a-14bc8fcde0d0", "event_type": "data_access", "severity": "info", "user_id": "user_harshith", "action": "read", "resource": "account", "details": "mAlJfaZLArcW2qEoolCfMQRRV2fLjVzcY6m/W//ZOyAWbXmEz1zC/WubR9qbvkjVsbZ02/shDPoxzE9tdx8=", "ip_address": null, "device_id": null, "session_id": null, "success": true}
{"timestamp": "2025-12-19T01:59:16.367459", "level": null, "name": "audit", "message": "read - User: user_harshith, Resource: account, Success: True", "event_id": "f04221fc-bfc9-4ad2-afad-ab0108dd7e3c", "event_type": "data_access", "severity": "info", "user_id": "user_harshith", "action": "read", "resource": "account", "details": "FsdB/cGjl5aMqbduq5gUucXJMzzjBco6+lYz9HVHrewjv06i8lKxsYhMHKV135UPU/HWnP9vIZ0ZWgAHCtA=", "ip_address": null, "device_id": null, "session_id": null, "success": true}
{"timestamp": "2025-12-19T01:59:16.376202", "level": null, "name": "audit", "message": "read - User: user_harshith, Resource: account, Success: True", "event_id": "32c2b929-2055-43a7-a20a-b7e296d44a81", "event_type": "data_access", "severity": "info", "user_id": "user_harshith", "action": "read", "resource": "account", "details": "QYnO5fCKiYLRtLAcFPdAJBRnxbL+4JBQvDgRs+PUYrfjgFFp1uKclYFLPBtORgDPVBMcymTCjRZtWjeUMso=", "ip_address": null, "device_id": null, "session_id": null, "success": true}
{"timestamp": "2025-12-19T01:59:16.382999", "level": null, "name": "audit", "message": "read - User: user_harshith, Resource: account, Success: True", "event_id": "813cf4d0-b270-46c3-a554-f3469bc98b95", "event_type": "data_access", "severity": "info", "user_id": "user_harshith", "action": "read", "resource": "account", "details": "Gohg4fkj1fALyduZn48MotgsBbvLNOIwB8lIrDHu3glti3jT36LUYAa2jxwbpomW5ZrVE1rXYPWXV3eP7tY=", "ip_address": null, "device_id": null, "session_id": null, "success": true}
{"timestamp": "2025-12-19T01:59:16.389447", "level": null, "name": "audit", "message": "read - User: user_harshith, Resource: account, Success: True", "event_id": "ac50253a-ab53-4919-bed7-2ec7dae19e38", "event_type": "data_access", "severity": "info", "user_id": "user_harshith", "action": "read", "resource": "account", "details": "XxysQUhRoflaIND9iJE8lbp7aOtparWGc/0kboJUgeUzAJ0DPKe4iKzjlqTK9+wVExcRqCsyD3pTctFTcXY=", "ip_address": null, "device_id": null, "session_id": null, "success": true}
{"timestamp": "2025-12-19T01:59:16.395611", "level": null, "name": "audit", "message": "read - User: user_harshith, Resource: account, Success: True", "event_id": "6f70c84e-5aac-41f4-b7b5-7acf503945ee", "event_type": "data_access", "severity": "info", "user_id": "user_harshith", "action": "read", "resource": "account", "details": "2NU/j3I7cKAozsA6o3T+PM/VYm7NxiD4kbtjHXbUqI1FxiTu2XqmV54DBkqfXoRqbvsoVRDEIr+sZCPfJLg=", "ip_address": null, "device_id": null, "session_id": null, "success": true}
{"timestamp": "2025-12-19T01:59:16.401277", "level": null, "name": "audit", "message": "read - User: user_harshith, Resource: account, Success: True", "event_id": "86f0fa7b-4a03-4c8f-897e-77e6095d045d", "event_type": "data_access", "severity": "info", "user_id": "user_harshith", "action": "read", "resource": "account", "details": "bXtgVRbDILTQC6TnsXWBlAPROzWorGwtI5wH9wCEk7Rmdm1jr/zPV1VPIIc2wqS+HK1C1VHzpryGLZEhD6M=", "ip_address": null, "device_id": null, "session_id": null, "success": true}
{"timestamp": "2025-12-19T01:59:16.407805", "level": null, "name": "audit", "message": "read - User: user_harshith, Resource: account, Success: True", "event_id": "2222f2f9-ddb8-45d0-919b-056222ed32eb", "event_type": "data_access", "severity": "info", "user_id": "user_harshith", "action": "read", "resource": "account", "details": "1P4+99qquYeaM48SVYJ+q9YVNjLoJ6jqMrY8Dabm2tuFNixYeRrhIciG8rOMk0YqZwNdrXfsbcEjHPbQo6A=", "ip_address": null, "device_id": null, "session_id": null, "success": true}
{"timestamp": "2025-12-19T01:59:16.413849", "level": null, "name": "audit", "message": "read - User: user_harshith, Resource: account, Success: True", "event_id": "ee753b4c-8303-4a34-a61a-a844b78b7c54", "event_type": "data_access", "severity": "info", "user_id": "user_harshith", "action": "read", "resource": "account", "details": "geMgQ+EZHeeAXrQ5NLnJlJps0VQjyQldXnotV/EQTH44RM4qRGMEcumXqCuD28QwF8YDXMBLjeOu5iIGp7Q=", "ip_address": null, "device_id": null, "session_id": null, "success": true}
{"timestamp": "2025-12-19T01:59:16.421238", "level": null, "name": "audit", "message": "read - User: user_harshith, Resource: account, Success: True", "event_id": "b81f68e4-5ec1-4d2b-9f18-14fda6ef6ed3", "event_type": "data_access", "severity": "info", "user_id": "user_harshith", "action": "read", "resource": "account", "details": "9rv7sAEUCJ7DTTjOy/io++4Jqk5ewSfhlcT+nYYkBTywqB0VrJURPUNOs561f0dLxq6bBflQgnn4JRgInNc=", "ip_address": null, "device_id": null, "session_id": null, "success": true}
{"timestamp": "2025-12-19T01:59:16.427885", "level": null, "name": "audit", "message": "read - User: user_harshith, Resource: account, Success: True", "event_id": "ad9cebae-c126-44ad-8366-ee3efdc772ce", "event_type": "data_access", "severity": "info", "user_id": "user_harshith", "action": "read", "resource": "account", "details": "PaLTgdBGEtsNJdQiIqQi4uC04Os0Nq8tc1OSKMeMYE96l7gnbvGwjtZgYCdUfpFBHOR01bEEfD/an0dTVro=", "ip_address": null, "device_id": null, "session_id": null, "success": true}
{"timestamp": "2025-12-19T01:59:16.435173", "level": null, "name": "audit", "message": "read - User: user_harshith, Resource: account, Success: True", "event_id": "77941396-788b-4414-86c0-ff6b0cf6c12f", "event_type": "data_access", "severity": "info", "user_id": "user_harshith", "action": "read", "resource": "account", "details": "buewMWlsvIl1lRGvnVltOskH8Np6B4f3uepcTR+SNzUKdX2p+8E8F7y5WKMrxvV0U4pmsYCOtqPRLRHZT5w=", "ip_address": null, "device_id": null, "session_id": null, "success": true}
{"timestamp": "2025-12-19T01:59:16.441756", "level": null, "name": "audit", "message": "read - User: user_harshith, Resource: account, Success: True", "event_id": "55d4ace6-606c-49df-be6e-d0b9aa08eebc", "event_type": "data_access", "severity": "info", "user_id": "user_harshith", "action": "read", "resource": "account", "details": "Ea3gXBhLlQQZViqhXg9TthU1DMyDERCdb7KHPw78yCkFA1G6nyxrA4Q/PLGoAbScxo6sRZy3zU2SzDcYnfQ=", "ip_address": null, "device_id": null, "session_id": null, "success": true}
{"timestamp": "2025-12-19T01:59:16.449357", "level": null, "name": "audit", "message": "read - User: user_harshith, Resource: account, Success: True", "event_id": "07ce7b48-e6e6-4265-9ff5-a95c6b7d9a3f", "event_type": "data_access", "severity": "info", "user_id": "user_harshith", "action": "read", "resource": "account", "details": "SegvqDF3Zw8mDfOp6f448Uvu7m3KJ1R+ilxWx6ytdiwqxtOttal8FrRMfJL/mBdWT8wz2BA10w8J0W2ENtI=", "ip_address": null, "device_id": null, "session_id": null, "success": true}
{"timestamp": "2025-12-19T01:59:16.456230", "level": null, "name": "audit", "message": "read - User: user_harshith, Resource: account, Success: True", "event_id": "625fbf71-acb3-4a4d-838b-231e4e22bff9", "event_type": "data_access", "severity": "info", "user_id": "user_harshith", "action": "read", "resource": "account", "details": "jVRbBHQ00VK63yQEeUwZHVi7tarW2ppD7krRkEywZndKJsatjH+9q2djByJKTekE+CMp7pNYVKeCu93mHQA=", "ip_address": null, "device_id": null, "session_id": null, "success": true}
{"timestamp": "2025-12-19T01:59:16.463357", "level": null, "name": "audit", "message": "read - User: user_harshith, Resource: account, Success: True", "event_id": "8ec5b81d-da69-473b-8902-0e1034603ba0", "event_type": "data_access", "severity": "info", "user_id": "user_harshith", "action": "read", "resource": "account", "details": "+6OXOAWT3iN9VD2tmTXtaFERFfkbUf/6TGa6X3JsSBwTQWcfihxxxvz1IcRMogajNo8LU4VTlm4IZHhUq8g=", "ip_address": null, "device_id": null, "session_id": null, "success": true}
{"timestamp": "2025-12-19T01:59:16.470189", "level": null, "name": "audit", "message": "read - User: user_harshith, Resource: account, Success: True", "event_id": "fe3152be-e1ce-44ec-a54b-71a874b1d596", "event_type": "data_access", "severity": "info", "user_id": "user_harshith", "action": "read", "resource": "account", "details": "lFF5l43wluasreqBalRkOA5R7yVzrI+J2hlq79y9buL5bk3Up1bVjBGGDn/C3DWERQ87zU1wvvqQHqOy/pg=", "ip_address": null, "device_id": null, "session_id": null, "success": true}
